#
# There is insufficient memory for the Java Runtime Environment to continue.
# Native memory allocation (malloc) failed to allocate 1122896 bytes for Chunk::new
# Possible reasons:
#   The system is out of physical RAM or swap space
#   The process is running with CompressedOops enabled, and the Java Heap may be blocking the growth of the native heap
# Possible solutions:
#   Reduce memory load on the system
#   Increase physical memory or swap space
#   Check if swap backing store is full
#   Decrease Java heap size (-Xmx/-Xms)
#   Decrease number of Java threads
#   Decrease Java thread stack sizes (-Xss)
#   Set larger code cache with -XX:ReservedCodeCacheSize=
#   JVM is running with Unscaled Compressed Oops mode in which the Java heap is
#     placed in the first 4GB address space. The Java Heap base address is the
#     maximum limit for the native heap growth. Please use -XX:HeapBaseMinAddress
#     to set the Java Heap base and to place the Java Heap above 4GB virtual address.
# This output file may be truncated or incomplete.
#
#  Out of Memory Error (allocation.cpp:389), pid=14704, tid=0x0000000000001da4
#
# JRE version: Java(TM) SE Runtime Environment (8.0_211-b12) (build 1.8.0_211-b12)
# Java VM: Java HotSpot(TM) 64-Bit Server VM (25.211-b12 mixed mode windows-amd64 compressed oops)
# Failed to write core dump. Minidumps are not enabled by default on client versions of Windows
#

---------------  T H R E A D  ---------------

Current thread (0x0000000019526000):  JavaThread "C2 CompilerThread0" daemon [_thread_in_native, id=7588, stack(0x0000000019b20000,0x0000000019c20000)]

Stack: [0x0000000019b20000,0x0000000019c20000]
[error occurred during error reporting (printing stack bounds), id 0xc0000005]

Native frames: (J=compiled Java code, j=interpreted, Vv=VM code, C=native code)


Current CompileTask:
C2:  24038 4785   !   4       java.net.URL::<init> (543 bytes)


---------------  P R O C E S S  ---------------

Java Threads: ( => current thread )
  0x000000001e463800 JavaThread "container-0" [_thread_blocked, id=12640, stack(0x0000000021a80000,0x0000000021b80000)]
  0x000000001e460800 JavaThread "Catalina-utility-2" [_thread_blocked, id=572, stack(0x0000000021980000,0x0000000021a80000)]
  0x000000001e464800 JavaThread "Catalina-utility-1" [_thread_blocked, id=1684, stack(0x0000000021880000,0x0000000021980000)]
  0x000000001e466800 JavaThread "spring.cloud.inetutils" daemon [_thread_blocked, id=13496, stack(0x00000000215f0000,0x00000000216f0000)]
  0x000000001e462000 JavaThread "HikariPool-1 housekeeper" daemon [_thread_blocked, id=4988, stack(0x000000001f760000,0x000000001f860000)]
  0x00000000195d4800 JavaThread "Service Thread" daemon [_thread_blocked, id=14512, stack(0x0000000019e20000,0x0000000019f20000)]
  0x00000000194ee800 JavaThread "C1 CompilerThread2" daemon [_thread_blocked, id=4560, stack(0x0000000019d20000,0x0000000019e20000)]
  0x0000000019460800 JavaThread "C2 CompilerThread1" daemon [_thread_in_native, id=16848, stack(0x0000000019c20000,0x0000000019d20000)]
=>0x0000000019526000 JavaThread "C2 CompilerThread0" daemon [_thread_in_native, id=7588, stack(0x0000000019b20000,0x0000000019c20000)]
  0x0000000019524800 JavaThread "Monitor Ctrl-Break" daemon [_thread_in_native, id=15464, stack(0x0000000019a20000,0x0000000019b20000)]
  0x0000000018c63800 JavaThread "Attach Listener" daemon [_thread_blocked, id=11640, stack(0x0000000019120000,0x0000000019220000)]
  0x00000000178d8800 JavaThread "Signal Dispatcher" daemon [_thread_blocked, id=8668, stack(0x0000000019020000,0x0000000019120000)]
  0x00000000178aa000 JavaThread "Finalizer" daemon [_thread_blocked, id=10864, stack(0x0000000018b20000,0x0000000018c20000)]
  0x00000000178a8800 JavaThread "Reference Handler" daemon [_thread_blocked, id=16228, stack(0x0000000018a20000,0x0000000018b20000)]
  0x00000000052d4000 JavaThread "main" [_thread_in_vm, id=14168, stack(0x00000000050f0000,0x00000000051f0000)]

Other Threads:
  0x0000000017887800 VMThread [stack: 0x0000000018920000,0x0000000018a20000] [id=16736]
  0x00000000195db000 WatcherThread [stack: 0x0000000019f20000,0x000000001a020000] [id=7804]

VM state:not at safepoint (normal execution)

VM Mutex/Monitor currently owned by a thread: None

heap address: 0x00000000c6800000, size: 920 MB, Compressed Oops mode: 32-bit
Narrow klass base: 0x0000000000000000, Narrow klass shift: 3
Compressed class space size: 1073741824 Address: 0x0000000100000000

Heap:
 PSYoungGen      total 253440K, used 24373K [0x00000000ecd80000, 0x0000000100000000, 0x0000000100000000)
  eden space 239616K, 10% used [0x00000000ecd80000,0x00000000ee54d6a0,0x00000000fb780000)
  from space 13824K, 0% used [0x00000000fb780000,0x00000000fb780000,0x00000000fc500000)
  to   space 17408K, 0% used [0x00000000fef00000,0x00000000fef00000,0x0000000100000000)
 ParOldGen       total 82944K, used 30398K [0x00000000c6800000, 0x00000000cb900000, 0x00000000ecd80000)
  object space 82944K, 36% used [0x00000000c6800000,0x00000000c85af950,0x00000000cb900000)
 Metaspace       used 58255K, capacity 60689K, committed 60976K, reserved 1101824K
  class space    used 8192K, capacity 8625K, committed 8752K, reserved 1048576K

Card table byte_map: [0x0000000014980000,0x0000000014b50000] byte_map_base: 0x000000001434c000

Marking Bits: (ParMarkBitMap*) 0x00000000532a5ce0
 Begin Bits: [0x0000000015090000, 0x0000000015ef0000)
 End Bits:   [0x0000000015ef0000, 0x0000000016d50000)

Polling page: 0x0000000002ea0000

CodeCache: size=245760Kb used=15825Kb max_used=15826Kb free=229934Kb
 bounds [0x00000000055c0000, 0x0000000006590000, 0x00000000145c0000]
 total_blobs=4808 nmethods=4247 adapters=473
 compilation: enabled

Compilation events (10 events):
Event: 23.855 Thread 0x00000000194ee800 4796       3       org.hibernate.internal.util.StringHelper::isEmpty (17 bytes)
Event: 23.855 Thread 0x00000000194ee800 nmethod 4796 0x0000000005f4c110 code [0x0000000005f4c280, 0x0000000005f4c590]
Event: 23.902 Thread 0x00000000194ee800 4798       3       java.util.Locale::getVariant (8 bytes)
Event: 23.902 Thread 0x00000000194ee800 nmethod 4798 0x0000000005f4ba90 code [0x0000000005f4bbe0, 0x0000000005f4bdd0]
Event: 23.915 Thread 0x00000000194ee800 4799       1       org.hibernate.engine.jdbc.env.internal.JdbcEnvironmentImpl::getDialect (5 bytes)
Event: 23.916 Thread 0x00000000194ee800 nmethod 4799 0x000000000605a110 code [0x000000000605a260, 0x000000000605a370]
Event: 23.916 Thread 0x00000000194ee800 4800       3       java.util.ArrayList::indexOf (67 bytes)
Event: 23.916 Thread 0x00000000194ee800 nmethod 4800 0x0000000006059890 code [0x0000000006059a20, 0x0000000006059ee8]
Event: 23.932 Thread 0x00000000194ee800 4801       1       org.hibernate.tuple.AbstractAttribute::getType (5 bytes)
Event: 23.932 Thread 0x00000000194ee800 nmethod 4801 0x00000000060595d0 code [0x0000000006059720, 0x0000000006059830]

GC Heap History (10 events):
Event: 13.450 GC heap before
{Heap before GC invocations=10 (full 1):
 PSYoungGen      total 194560K, used 83333K [0x00000000ecd80000, 0x00000000f9880000, 0x0000000100000000)
  eden space 186368K, 40% used [0x00000000ecd80000,0x00000000f16e4b00,0x00000000f8380000)
  from space 8192K, 99% used [0x00000000f8f80000,0x00000000f977cc38,0x00000000f9780000)
  to   space 10752K, 0% used [0x00000000f8380000,0x00000000f8380000,0x00000000f8e00000)
 ParOldGen       total 39424K, used 15748K [0x00000000c6800000, 0x00000000c8e80000, 0x00000000ecd80000)
  object space 39424K, 39% used [0x00000000c6800000,0x00000000c7761138,0x00000000c8e80000)
 Metaspace       used 33902K, capacity 35449K, committed 35496K, reserved 1079296K
  class space    used 4567K, capacity 4865K, committed 4912K, reserved 1048576K
Event: 13.469 GC heap after
Heap after GC invocations=10 (full 1):
 PSYoungGen      total 197120K, used 10724K [0x00000000ecd80000, 0x00000000fd380000, 0x0000000100000000)
  eden space 186368K, 0% used [0x00000000ecd80000,0x00000000ecd80000,0x00000000f8380000)
  from space 10752K, 99% used [0x00000000f8380000,0x00000000f8df9350,0x00000000f8e00000)
  to   space 12288K, 0% used [0x00000000fc780000,0x00000000fc780000,0x00000000fd380000)
 ParOldGen       total 39424K, used 16643K [0x00000000c6800000, 0x00000000c8e80000, 0x00000000ecd80000)
  object space 39424K, 42% used [0x00000000c6800000,0x00000000c7840ca0,0x00000000c8e80000)
 Metaspace       used 33902K, capacity 35449K, committed 35496K, reserved 1079296K
  class space    used 4567K, capacity 4865K, committed 4912K, reserved 1048576K
}
Event: 13.469 GC heap before
{Heap before GC invocations=11 (full 2):
 PSYoungGen      total 197120K, used 10724K [0x00000000ecd80000, 0x00000000fd380000, 0x0000000100000000)
  eden space 186368K, 0% used [0x00000000ecd80000,0x00000000ecd80000,0x00000000f8380000)
  from space 10752K, 99% used [0x00000000f8380000,0x00000000f8df9350,0x00000000f8e00000)
  to   space 12288K, 0% used [0x00000000fc780000,0x00000000fc780000,0x00000000fd380000)
 ParOldGen       total 39424K, used 16643K [0x00000000c6800000, 0x00000000c8e80000, 0x00000000ecd80000)
  object space 39424K, 42% used [0x00000000c6800000,0x00000000c7840ca0,0x00000000c8e80000)
 Metaspace       used 33902K, capacity 35449K, committed 35496K, reserved 1079296K
  class space    used 4567K, capacity 4865K, committed 4912K, reserved 1048576K
Event: 13.576 GC heap after
Heap after GC invocations=11 (full 2):
 PSYoungGen      total 197120K, used 0K [0x00000000ecd80000, 0x00000000fd380000, 0x0000000100000000)
  eden space 186368K, 0% used [0x00000000ecd80000,0x00000000ecd80000,0x00000000f8380000)
  from space 10752K, 0% used [0x00000000f8380000,0x00000000f8380000,0x00000000f8e00000)
  to   space 12288K, 0% used [0x00000000fc780000,0x00000000fc780000,0x00000000fd380000)
 ParOldGen       total 54784K, used 16031K [0x00000000c6800000, 0x00000000c9d80000, 0x00000000ecd80000)
  object space 54784K, 29% used [0x00000000c6800000,0x00000000c77a7e28,0x00000000c9d80000)
 Metaspace       used 33902K, capacity 35449K, committed 35496K, reserved 1079296K
  class space    used 4567K, capacity 4865K, committed 4912K, reserved 1048576K
}
Event: 20.272 GC heap before
{Heap before GC invocations=12 (full 2):
 PSYoungGen      total 197120K, used 186368K [0x00000000ecd80000, 0x00000000fd380000, 0x0000000100000000)
  eden space 186368K, 100% used [0x00000000ecd80000,0x00000000f8380000,0x00000000f8380000)
  from space 10752K, 0% used [0x00000000f8380000,0x00000000f8380000,0x00000000f8e00000)
  to   space 12288K, 0% used [0x00000000fc780000,0x00000000fc780000,0x00000000fd380000)
 ParOldGen       total 54784K, used 16031K [0x00000000c6800000, 0x00000000c9d80000, 0x00000000ecd80000)
  object space 54784K, 29% used [0x00000000c6800000,0x00000000c77a7e28,0x00000000c9d80000)
 Metaspace       used 42851K, capacity 45045K, committed 45360K, reserved 1089536K
  class space    used 5658K, capacity 6069K, committed 6192K, reserved 1048576K
Event: 20.305 GC heap after
Heap after GC invocations=12 (full 2):
 PSYoungGen      total 247808K, used 10913K [0x00000000ecd80000, 0x00000000fd280000, 0x0000000100000000)
  eden space 236544K, 0% used [0x00000000ecd80000,0x00000000ecd80000,0x00000000fb480000)
  from space 11264K, 96% used [0x00000000fc780000,0x00000000fd228588,0x00000000fd280000)
  to   space 13824K, 0% used [0x00000000fb780000,0x00000000fb780000,0x00000000fc500000)
 ParOldGen       total 54784K, used 16031K [0x00000000c6800000, 0x00000000c9d80000, 0x00000000ecd80000)
  object space 54784K, 29% used [0x00000000c6800000,0x00000000c77a7e28,0x00000000c9d80000)
 Metaspace       used 42851K, capacity 45045K, committed 45360K, reserved 1089536K
  class space    used 5658K, capacity 6069K, committed 6192K, reserved 1048576K
}
Event: 23.466 GC heap before
{Heap before GC invocations=13 (full 2):
 PSYoungGen      total 247808K, used 150615K [0x00000000ecd80000, 0x00000000fd280000, 0x0000000100000000)
  eden space 236544K, 59% used [0x00000000ecd80000,0x00000000f55ed728,0x00000000fb480000)
  from space 11264K, 96% used [0x00000000fc780000,0x00000000fd228588,0x00000000fd280000)
  to   space 13824K, 0% used [0x00000000fb780000,0x00000000fb780000,0x00000000fc500000)
 ParOldGen       total 54784K, used 16031K [0x00000000c6800000, 0x00000000c9d80000, 0x00000000ecd80000)
  object space 54784K, 29% used [0x00000000c6800000,0x00000000c77a7e28,0x00000000c9d80000)
 Metaspace       used 56584K, capacity 58995K, committed 59160K, reserved 1099776K
  class space    used 7908K, capacity 8362K, committed 8368K, reserved 1048576K
Event: 23.486 GC heap after
Heap after GC invocations=13 (full 2):
 PSYoungGen      total 253440K, used 13794K [0x00000000ecd80000, 0x0000000100000000, 0x0000000100000000)
  eden space 239616K, 0% used [0x00000000ecd80000,0x00000000ecd80000,0x00000000fb780000)
  from space 13824K, 99% used [0x00000000fb780000,0x00000000fc4f8b00,0x00000000fc500000)
  to   space 17408K, 0% used [0x00000000fef00000,0x00000000fef00000,0x0000000100000000)
 ParOldGen       total 54784K, used 21018K [0x00000000c6800000, 0x00000000c9d80000, 0x00000000ecd80000)
  object space 54784K, 38% used [0x00000000c6800000,0x00000000c7c868d0,0x00000000c9d80000)
 Metaspace       used 56584K, capacity 58995K, committed 59160K, reserved 1099776K
  class space    used 7908K, capacity 8362K, committed 8368K, reserved 1048576K
}
Event: 23.486 GC heap before
{Heap before GC invocations=14 (full 3):
 PSYoungGen      total 253440K, used 13794K [0x00000000ecd80000, 0x0000000100000000, 0x0000000100000000)
  eden space 239616K, 0% used [0x00000000ecd80000,0x00000000ecd80000,0x00000000fb780000)
  from space 13824K, 99% used [0x00000000fb780000,0x00000000fc4f8b00,0x00000000fc500000)
  to   space 17408K, 0% used [0x00000000fef00000,0x00000000fef00000,0x0000000100000000)
 ParOldGen       total 54784K, used 21018K [0x00000000c6800000, 0x00000000c9d80000, 0x00000000ecd80000)
  object space 54784K, 38% used [0x00000000c6800000,0x00000000c7c868d0,0x00000000c9d80000)
 Metaspace       used 56584K, capacity 58995K, committed 59160K, reserved 1099776K
  class space    used 7908K, capacity 8362K, committed 8368K, reserved 1048576K
Event: 23.644 GC heap after
Heap after GC invocations=14 (full 3):
 PSYoungGen      total 253440K, used 0K [0x00000000ecd80000, 0x0000000100000000, 0x0000000100000000)
  eden space 239616K, 0% used [0x00000000ecd80000,0x00000000ecd80000,0x00000000fb780000)
  from space 13824K, 0% used [0x00000000fb780000,0x00000000fb780000,0x00000000fc500000)
  to   space 17408K, 0% used [0x00000000fef00000,0x00000000fef00000,0x0000000100000000)
 ParOldGen       total 82944K, used 30398K [0x00000000c6800000, 0x00000000cb900000, 0x00000000ecd80000)
  object space 82944K, 36% used [0x00000000c6800000,0x00000000c85af950,0x00000000cb900000)
 Metaspace       used 56584K, capacity 58995K, committed 59160K, reserved 1099776K
  class space    used 7908K, capacity 8362K, committed 8368K, reserved 1048576K
}

Deoptimization events (10 events):
Event: 20.633 Thread 0x00000000052d4000 Uncommon trap: reason=unstable_if action=reinterpret pc=0x000000000624df60 method=java.net.URL.<init>(Ljava/net/URL;Ljava/lang/String;Ljava/net/URLStreamHandler;)V @ 57
Event: 20.633 Thread 0x00000000052d4000 Uncommon trap: reason=unstable_if action=reinterpret pc=0x0000000006221e14 method=java.net.URLStreamHandler.parseURL(Ljava/net/URL;Ljava/lang/String;II)V @ 57
Event: 20.733 Thread 0x00000000052d4000 Uncommon trap: reason=unstable_if action=reinterpret pc=0x0000000005be6ffc method=java.lang.ClassLoader.getClassLoadingLock(Ljava/lang/String;)Ljava/lang/Object; @ 6
Event: 20.787 Thread 0x00000000052d4000 Uncommon trap: reason=unstable_if action=reinterpret pc=0x0000000005999858 method=java.util.ArrayList.indexOf(Ljava/lang/Object;)I @ 1
Event: 22.257 Thread 0x00000000052d4000 Uncommon trap: reason=unstable_if action=reinterpret pc=0x0000000005895dc4 method=java.lang.String.valueOf(Ljava/lang/Object;)Ljava/lang/String; @ 1
Event: 22.258 Thread 0x00000000052d4000 Uncommon trap: reason=unstable_if action=reinterpret pc=0x0000000005ff71e8 method=java.lang.String.valueOf(Ljava/lang/Object;)Ljava/lang/String; @ 1
Event: 22.682 Thread 0x00000000052d4000 Uncommon trap: reason=unstable_if action=reinterpret pc=0x00000000061d5848 method=java.lang.Class$MethodArray.addIfNotPresent(Ljava/lang/reflect/Method;)V @ 19
Event: 23.671 Thread 0x00000000052d4000 Uncommon trap: reason=array_check action=maybe_recompile pc=0x0000000005f2d880 method=java.util.AbstractCollection.toArray([Ljava/lang/Object;)[Ljava/lang/Object; @ 119
Event: 23.753 Thread 0x00000000052d4000 Uncommon trap: reason=unstable_if action=reinterpret pc=0x000000000591f614 method=java.lang.CharacterData.of(I)Ljava/lang/CharacterData; @ 4
Event: 23.835 Thread 0x00000000052d4000 Uncommon trap: reason=unstable_if action=reinterpret pc=0x0000000005af7370 method=java.lang.Class$MethodArray.add(Ljava/lang/reflect/Method;)V @ 51

Classes redefined (0 events):
No events

Internal exceptions (10 events):
Event: 18.871 Thread 0x00000000052d4000 Exception <a 'java/lang/ClassNotFoundException': org/springframework/beans/factory/FactoryBeanCustomizer> (0x00000000f728cb58) thrown at [C:\re\workspace\8-2-build-windows-amd64-cygwin\jdk8u211\12973\hotspot\src\share\vm\classfile\systemDictionary.cpp, li
Event: 18.873 Thread 0x00000000052d4000 Exception <a 'java/lang/ClassNotFoundException': org/springframework/beans/factory/BeanFactoryAwareCustomizer> (0x00000000f72bdc00) thrown at [C:\re\workspace\8-2-build-windows-amd64-cygwin\jdk8u211\12973\hotspot\src\share\vm\classfile\systemDictionary.cp
Event: 18.876 Thread 0x00000000052d4000 Exception <a 'java/lang/ClassNotFoundException': org/springframework/beans/factory/AwareCustomizer> (0x00000000f72e6ed8) thrown at [C:\re\workspace\8-2-build-windows-amd64-cygwin\jdk8u211\12973\hotspot\src\share\vm\classfile\systemDictionary.cpp, line 210
Event: 18.877 Thread 0x00000000052d4000 Exception <a 'java/lang/ClassNotFoundException': org/springframework/aop/framework/AopInfrastructureBeanCustomizer> (0x00000000f7316cb8) thrown at [C:\re\workspace\8-2-build-windows-amd64-cygwin\jdk8u211\12973\hotspot\src\share\vm\classfile\systemDictiona
Event: 20.112 Thread 0x00000000052d4000 Implicit null exception at 0x000000000631fd85 to 0x0000000006321e8d
Event: 20.433 Thread 0x00000000052d4000 Exception <a 'java/io/FileNotFoundException'> (0x00000000ed520088) thrown at [C:\re\workspace\8-2-build-windows-amd64-cygwin\jdk8u211\12973\hotspot\src\share\vm\prims\jni.cpp, line 710]
Event: 20.787 Thread 0x00000000052d4000 Implicit null exception at 0x0000000005999656 to 0x0000000005999841
Event: 22.257 Thread 0x00000000052d4000 Implicit null exception at 0x00000000058959b1 to 0x0000000005895dad
Event: 22.257 Thread 0x00000000052d4000 Implicit null exception at 0x0000000005ff71ac to 0x0000000005ff71da
Event: 23.835 Thread 0x00000000052d4000 Implicit null exception at 0x0000000005af715c to 0x0000000005af7361

Events (10 events):
Event: 24.024 loading class org/hibernate/metamodel/model/domain/internal/BagAttributeImpl
Event: 24.024 loading class org/hibernate/metamodel/model/domain/internal/BagAttributeImpl done
Event: 24.024 loading class org/hibernate/metamodel/model/domain/spi/BagPersistentAttribute
Event: 24.024 loading class org/hibernate/metamodel/model/domain/spi/BagPersistentAttribute done
Event: 24.026 loading class com/example/eurekaspringbuckswater/model/CoffeeOrder_
Event: 24.026 loading class com/example/eurekaspringbuckswater/model/CoffeeOrder_ done
Event: 24.026 loading class com/example/eurekaspringbuckswater/model/BaseEntity_
Event: 24.026 loading class com/example/eurekaspringbuckswater/model/BaseEntity_ done
Event: 24.027 loading class org/hibernate/query/spi/NamedQueryRepository
Event: 24.027 loading class org/hibernate/query/spi/NamedQueryRepository done


Dynamic libraries:
0x00007ff6415a0000 - 0x00007ff6415d7000 	E:\Java\jdk1.8.0_211\bin\java.exe
0x00007ffdd5b10000 - 0x00007ffdd5cf0000 	C:\Windows\SYSTEM32\ntdll.dll
0x00007ffdd4f40000 - 0x00007ffdd4fee000 	C:\Windows\System32\KERNEL32.DLL
0x00007ffdd2930000 - 0x00007ffdd2b96000 	C:\Windows\System32\KERNELBASE.dll
0x00007ffdd4e10000 - 0x00007ffdd4eb1000 	C:\Windows\System32\ADVAPI32.dll
0x00007ffdd5460000 - 0x00007ffdd54fd000 	C:\Windows\System32\msvcrt.dll
0x00007ffdd4ee0000 - 0x00007ffdd4f3b000 	C:\Windows\System32\sechost.dll
0x00007ffdd2fe0000 - 0x00007ffdd30ff000 	C:\Windows\System32\RPCRT4.dll
0x00007ffdd5950000 - 0x00007ffdd5ade000 	C:\Windows\System32\USER32.dll
0x00007ffdd2ba0000 - 0x00007ffdd2bc0000 	C:\Windows\System32\win32u.dll
0x00007ffdd4de0000 - 0x00007ffdd4e08000 	C:\Windows\System32\GDI32.dll
0x00007ffdd2bc0000 - 0x00007ffdd2d51000 	C:\Windows\System32\gdi32full.dll
0x00007ffdd2660000 - 0x00007ffdd26fb000 	C:\Windows\System32\msvcp_win.dll
0x00007ffdd2700000 - 0x00007ffdd27f6000 	C:\Windows\System32\ucrtbase.dll
0x00007ffdc4b80000 - 0x00007ffdc4de9000 	C:\Windows\WinSxS\amd64_microsoft.windows.common-controls_6595b64144ccf1df_6.0.16299.15_none_cc92fb402215d91d\COMCTL32.dll
0x00007ffdd48c0000 - 0x00007ffdd4bc8000 	C:\Windows\System32\combase.dll
0x00007ffdd2850000 - 0x00007ffdd28c2000 	C:\Windows\System32\bcryptPrimitives.dll
0x00007ffdd32e0000 - 0x00007ffdd330d000 	C:\Windows\System32\IMM32.DLL
0x0000000054b90000 - 0x0000000054c62000 	E:\Java\jdk1.8.0_211\jre\bin\msvcr100.dll
0x0000000052a80000 - 0x0000000053325000 	E:\Java\jdk1.8.0_211\jre\bin\server\jvm.dll
0x00007ffdd3160000 - 0x00007ffdd3168000 	C:\Windows\System32\PSAPI.DLL
0x00007ffdcdba0000 - 0x00007ffdcdba9000 	C:\Windows\SYSTEM32\WSOCK32.dll
0x00007ffdd4d70000 - 0x00007ffdd4ddc000 	C:\Windows\System32\WS2_32.dll
0x00007ffdd0200000 - 0x00007ffdd0223000 	C:\Windows\SYSTEM32\WINMM.dll
0x00007ffdc53f0000 - 0x00007ffdc53fa000 	C:\Windows\SYSTEM32\VERSION.dll
0x00007ffdd01d0000 - 0x00007ffdd01fa000 	C:\Windows\SYSTEM32\WINMMBASE.dll
0x00007ffdd2800000 - 0x00007ffdd284a000 	C:\Windows\System32\cfgmgr32.dll
0x00007ffdcf450000 - 0x00007ffdcf45f000 	E:\Java\jdk1.8.0_211\jre\bin\verify.dll
0x00007ffdcaa40000 - 0x00007ffdcaa69000 	E:\Java\jdk1.8.0_211\jre\bin\java.dll
0x00007ffdc5420000 - 0x00007ffdc5443000 	E:\Java\jdk1.8.0_211\jre\bin\instrument.dll
0x00007ffdcaa20000 - 0x00007ffdcaa36000 	E:\Java\jdk1.8.0_211\jre\bin\zip.dll
0x00007ffdd3420000 - 0x00007ffdd4857000 	C:\Windows\System32\SHELL32.dll
0x00007ffdd3180000 - 0x00007ffdd3226000 	C:\Windows\System32\shcore.dll
0x00007ffdd1f10000 - 0x00007ffdd2657000 	C:\Windows\System32\windows.storage.dll
0x00007ffdd4860000 - 0x00007ffdd48b1000 	C:\Windows\System32\shlwapi.dll
0x00007ffdd1e80000 - 0x00007ffdd1e91000 	C:\Windows\System32\kernel.appcore.dll
0x00007ffdd1ea0000 - 0x00007ffdd1eec000 	C:\Windows\System32\powrprof.dll
0x00007ffdd1e60000 - 0x00007ffdd1e7b000 	C:\Windows\System32\profapi.dll
0x00007ffdbfa80000 - 0x00007ffdbfa9a000 	E:\JetBrains\IntelliJ IDEA Community Edition 2019.1.2\bin\breakgen64.dll
0x00007ffdc7220000 - 0x00007ffdc723a000 	E:\Java\jdk1.8.0_211\jre\bin\net.dll
0x00007ffdc8a90000 - 0x00007ffdc8c5c000 	C:\Windows\SYSTEM32\urlmon.dll
0x00007ffdd4ec0000 - 0x00007ffdd4edd000 	C:\Windows\System32\imagehlp.dll
0x00007ffdc91f0000 - 0x00007ffdc9489000 	C:\Windows\SYSTEM32\iertutil.dll
0x00007ffdd18d0000 - 0x00007ffdd18db000 	C:\Windows\SYSTEM32\CRYPTBASE.DLL
0x00007ffdd16f0000 - 0x00007ffdd1756000 	C:\Windows\system32\mswsock.dll
0x00007ffdd1480000 - 0x00007ffdd14b9000 	C:\Windows\SYSTEM32\IPHLPAPI.DLL
0x00007ffdd32d0000 - 0x00007ffdd32d8000 	C:\Windows\System32\NSI.dll
0x00007ffdccd80000 - 0x00007ffdccd96000 	C:\Windows\SYSTEM32\dhcpcsvc6.DLL
0x00007ffdccd60000 - 0x00007ffdccd7a000 	C:\Windows\SYSTEM32\dhcpcsvc.DLL
0x00007ffdd14c0000 - 0x00007ffdd1576000 	C:\Windows\SYSTEM32\DNSAPI.dll
0x00007ffdcaff0000 - 0x00007ffdcaffa000 	C:\Windows\System32\rasadhlp.dll
0x00007ffdcb2d0000 - 0x00007ffdcb340000 	C:\Windows\System32\fwpuclnt.dll
0x00007ffdd19c0000 - 0x00007ffdd19e5000 	C:\Windows\SYSTEM32\bcrypt.dll
0x00007ffdc70d0000 - 0x00007ffdc70dd000 	E:\Java\jdk1.8.0_211\jre\bin\management.dll
0x00007ffdbb1d0000 - 0x00007ffdbb1e6000 	C:\Windows\system32\napinsp.dll
0x00007ffdbb1b0000 - 0x00007ffdbb1ca000 	C:\Windows\system32\pnrpnsp.dll
0x00007ffdcfb10000 - 0x00007ffdcfb28000 	C:\Windows\system32\NLAapi.dll
0x00007ffdbc4b0000 - 0x00007ffdbc4be000 	C:\Windows\System32\winrnr.dll
0x00007ffdbb190000 - 0x00007ffdbb1a5000 	C:\Windows\System32\wshbth.dll
0x00007ffdbfaa0000 - 0x00007ffdbfab2000 	E:\Java\jdk1.8.0_211\jre\bin\nio.dll
0x00007ffdd18b0000 - 0x00007ffdd18c7000 	C:\Windows\SYSTEM32\CRYPTSP.dll
0x00007ffdd1300000 - 0x00007ffdd1333000 	C:\Windows\system32\rsaenh.dll
0x00007ffdd1d90000 - 0x00007ffdd1db9000 	C:\Windows\SYSTEM32\USERENV.dll

VM Arguments:
jvm_args: -javaagent:E:\JetBrains\IntelliJ IDEA Community Edition 2019.1.2\lib\idea_rt.jar=60411:E:\JetBrains\IntelliJ IDEA Community Edition 2019.1.2\bin -Dfile.encoding=UTF-8 
java_command: com.example.eurekaspringbuckswater.EurekaspringbuckswaterApplication
java_class_path (initial): E:\Java\jdk1.8.0_211\jre\lib\charsets.jar;E:\Java\jdk1.8.0_211\jre\lib\deploy.jar;E:\Java\jdk1.8.0_211\jre\lib\ext\access-bridge-64.jar;E:\Java\jdk1.8.0_211\jre\lib\ext\cldrdata.jar;E:\Java\jdk1.8.0_211\jre\lib\ext\dnsns.jar;E:\Java\jdk1.8.0_211\jre\lib\ext\jaccess.jar;E:\Java\jdk1.8.0_211\jre\lib\ext\jfxrt.jar;E:\Java\jdk1.8.0_211\jre\lib\ext\localedata.jar;E:\Java\jdk1.8.0_211\jre\lib\ext\nashorn.jar;E:\Java\jdk1.8.0_211\jre\lib\ext\sunec.jar;E:\Java\jdk1.8.0_211\jre\lib\ext\sunjce_provider.jar;E:\Java\jdk1.8.0_211\jre\lib\ext\sunmscapi.jar;E:\Java\jdk1.8.0_211\jre\lib\ext\sunpkcs11.jar;E:\Java\jdk1.8.0_211\jre\lib\ext\zipfs.jar;E:\Java\jdk1.8.0_211\jre\lib\javaws.jar;E:\Java\jdk1.8.0_211\jre\lib\jce.jar;E:\Java\jdk1.8.0_211\jre\lib\jfr.jar;E:\Java\jdk1.8.0_211\jre\lib\jfxswt.jar;E:\Java\jdk1.8.0_211\jre\lib\jsse.jar;E:\Java\jdk1.8.0_211\jre\lib\management-agent.jar;E:\Java\jdk1.8.0_211\jre\lib\plugin.jar;E:\Java\jdk1.8.0_211\jre\lib\resources.jar;E:\Java\jdk1.8.0_211\jre\lib\rt.jar;C:\Users\Administrator\IdeaProjects\eurekaspringbuckswater\target\classes;C:\Users\Administrator\.m2\repository\org\springframework\boot\spring-boot-starter-data-jpa\2.2.2.RELEASE\spring-boot-starter-data-jpa-2.2.2.RELEASE.jar;C:\Users\Administrator\.m2\repository\org\springframework\boot\spring-boot-starter-aop\2.2.2.RELEASE\spring-boot-starter-aop-2.2.2.RELEASE.jar;C:\Users\Administrator\.m2\repository\org\springframework\spring-aop\5.2.2.RELEASE\spring-aop-5.2.2.RELEASE.jar;C:\Users\Administrator\.m2\repository\org\aspectj\aspectjweaver\1.9.5\aspectjweaver-1.9.5.jar;C:\Users\Administrator\.m2\repository\org\springframework\boot\spring-boot-starter-jdbc\2.2.2.RELEASE\spring-boot-starter-jdbc-2.2.2.RELEASE.jar;C:\Users\Administrator\.m2\repository\com\zaxxer\HikariCP\3.4.1\HikariCP-3.4.1.jar;C:\Users\Administrator\.m2\repository\org\springframework\spring-jdbc\5.2.2.RELEASE\spring-jdbc-5.2.2.RELEASE.jar;C:\Users\Administrator\.m2\repository\jakarta\activat
Launcher Type: SUN_STANDARD

Environment Variables:
PATH=C:\Program Files (x86)\Common Files\Oracle\Java\javapath;C:\Windows\system32;C:\Windows;C:\Windows\System32\Wbem;C:\Windows\System32\WindowsPowerShell\v1.0\;E:\Program Files\Git\cmd;E:\phpStudy\PHPTutorial\php\php-5.6.27-nts;E:\Java\jdk1.8.0_211\bin;E:\apache-maven\bin;C:\Users\Administrator\AppData\Local\Microsoft\WindowsApps;E:\nodejs;E:\phpStudy\PHPTutorial\php\php-5.6.27-nts;E:\Java\jdk1.8.0_211\bin;E:\apache-maven\bin;
USERNAME=Administrator
OS=Windows_NT
PROCESSOR_IDENTIFIER=Intel64 Family 6 Model 58 Stepping 9, GenuineIntel



---------------  S Y S T E M  ---------------

OS: Windows 10.0 , 64 bit Build 16299 (10.0.16299.15)

CPU:total 4 (initial active 4) (2 cores per cpu, 2 threads per core) family 6 model 58 stepping 9, cmov, cx8, fxsr, mmx, sse, sse2, sse3, ssse3, sse4.1, sse4.2, popcnt, avx, aes, clmul, erms, ht, tsc, tscinvbit, tscinv

Memory: 4k page, physical 3760844k(386600k free), swap 8457084k(5548k free)

vm_info: Java HotSpot(TM) 64-Bit Server VM (25.211-b12) for windows-amd64 JRE (1.8.0_211-b12), built on Apr  1 2019 20:53:26 by "java_re" with MS VC++ 10.0 (VS2010)

time: Thu Jan 09 10:50:03 2020
timezone: 中国标准时间
elapsed time: 24 seconds (0d 0h 0m 24s)

