#
# There is insufficient memory for the Java Runtime Environment to continue.
# Native memory allocation (malloc) failed to allocate 101152 bytes for Chunk::new
# Possible reasons:
#   The system is out of physical RAM or swap space
#   The process is running with CompressedOops enabled, and the Java Heap may be blocking the growth of the native heap
# Possible solutions:
#   Reduce memory load on the system
#   Increase physical memory or swap space
#   Check if swap backing store is full
#   Decrease Java heap size (-Xmx/-Xms)
#   Decrease number of Java threads
#   Decrease Java thread stack sizes (-Xss)
#   Set larger code cache with -XX:ReservedCodeCacheSize=
#   JVM is running with Unscaled Compressed Oops mode in which the Java heap is
#     placed in the first 4GB address space. The Java Heap base address is the
#     maximum limit for the native heap growth. Please use -XX:HeapBaseMinAddress
#     to set the Java Heap base and to place the Java Heap above 4GB virtual address.
# This output file may be truncated or incomplete.
#
#  Out of Memory Error (allocation.cpp:389), pid=18592, tid=0x0000000000005798
#
# JRE version: Java(TM) SE Runtime Environment (8.0_211-b12) (build 1.8.0_211-b12)
# Java VM: Java HotSpot(TM) 64-Bit Server VM (25.211-b12 mixed mode windows-amd64 compressed oops)
# Failed to write core dump. Minidumps are not enabled by default on client versions of Windows
#

---------------  T H R E A D  ---------------

Current thread (0x000000001905c000):  JavaThread "C2 CompilerThread1" daemon [_thread_in_native, id=22424, stack(0x00000000194c0000,0x00000000195c0000)]

Stack: [0x00000000194c0000,0x00000000195c0000]
[error occurred during error reporting (printing stack bounds), id 0xc0000005]

Native frames: (J=compiled Java code, j=interpreted, Vv=VM code, C=native code)


Current CompileTask:
C2:   6597 2099   !   4       org.springframework.beans.factory.support.DefaultSingletonBeanRegistry::getSingleton (117 bytes)


---------------  P R O C E S S  ---------------

Java Threads: ( => current thread )
  0x00000000190be800 JavaThread "Service Thread" daemon [_thread_blocked, id=18420, stack(0x0000000019ec0000,0x0000000019fc0000)]
  0x0000000019067000 JavaThread "C1 CompilerThread2" daemon [_thread_blocked, id=2000, stack(0x00000000195c0000,0x00000000196c0000)]
=>0x000000001905c000 JavaThread "C2 CompilerThread1" daemon [_thread_in_native, id=22424, stack(0x00000000194c0000,0x00000000195c0000)]
  0x000000001905a000 JavaThread "C2 CompilerThread0" daemon [_thread_in_native, id=7112, stack(0x00000000193c0000,0x00000000194c0000)]
  0x0000000019058800 JavaThread "Monitor Ctrl-Break" daemon [_thread_in_native, id=21996, stack(0x00000000192c0000,0x00000000193c0000)]
  0x0000000017985800 JavaThread "Attach Listener" daemon [_thread_blocked, id=6060, stack(0x00000000191c0000,0x00000000192c0000)]
  0x0000000017997800 JavaThread "Signal Dispatcher" daemon [_thread_blocked, id=18508, stack(0x00000000190c0000,0x00000000191c0000)]
  0x000000001795b000 JavaThread "Finalizer" daemon [_thread_blocked, id=21516, stack(0x0000000018bc0000,0x0000000018cc0000)]
  0x0000000005666000 JavaThread "Reference Handler" daemon [_thread_blocked, id=20312, stack(0x0000000018ac0000,0x0000000018bc0000)]
  0x0000000005576000 JavaThread "main" [_thread_in_vm, id=3928, stack(0x0000000005270000,0x0000000005370000)]

Other Threads:
  0x0000000017937800 VMThread [stack: 0x00000000189c0000,0x0000000018ac0000] [id=20292]
  0x0000000019749000 WatcherThread [stack: 0x0000000019fc0000,0x000000001a0c0000] [id=7892]

VM state:not at safepoint (normal execution)

VM Mutex/Monitor currently owned by a thread: None

heap address: 0x00000000c6800000, size: 920 MB, Compressed Oops mode: 32-bit
Narrow klass base: 0x0000000000000000, Narrow klass shift: 3
Compressed class space size: 1073741824 Address: 0x0000000100000000

Heap:
 PSYoungGen      total 32768K, used 32310K [0x00000000ecd80000, 0x00000000eef80000, 0x0000000100000000)
  eden space 30720K, 98% used [0x00000000ecd80000,0x00000000eeb11a98,0x00000000eeb80000)
  from space 2048K, 99% used [0x00000000eeb80000,0x00000000eed7c010,0x00000000eed80000)
  to   space 2048K, 0% used [0x00000000eed80000,0x00000000eed80000,0x00000000eef80000)
 ParOldGen       total 39936K, used 10702K [0x00000000c6800000, 0x00000000c8f00000, 0x00000000ecd80000)
  object space 39936K, 26% used [0x00000000c6800000,0x00000000c7273aa0,0x00000000c8f00000)
 Metaspace       used 19296K, capacity 20356K, committed 20480K, reserved 1067008K
  class space    used 2524K, capacity 2730K, committed 2816K, reserved 1048576K

Card table byte_map: [0x0000000014a30000,0x0000000014c00000] byte_map_base: 0x00000000143fc000

Marking Bits: (ParMarkBitMap*) 0x00000000708b5ce0
 Begin Bits: [0x0000000015140000, 0x0000000015fa0000)
 End Bits:   [0x0000000015fa0000, 0x0000000016e00000)

Polling page: 0x0000000003730000

CodeCache: size=245760Kb used=6723Kb max_used=6725Kb free=239036Kb
 bounds [0x0000000005670000, 0x0000000005d10000, 0x0000000014670000]
 total_blobs=2461 nmethods=2101 adapters=272
 compilation: enabled

Compilation events (10 events):
Event: 6.569 Thread 0x0000000019067000 nmethod 2097 0x0000000005d01190 code [0x0000000005d01340, 0x0000000005d01918]
Event: 6.569 Thread 0x000000001905c000 2099   !   4       org.springframework.beans.factory.support.DefaultSingletonBeanRegistry::getSingleton (117 bytes)
Event: 6.571 Thread 0x000000001905a000 nmethod 2098 0x0000000005d04810 code [0x0000000005d04960, 0x0000000005d04a68]
Event: 6.572 Thread 0x0000000019067000 2100       3       org.springframework.beans.factory.support.DefaultListableBeanFactory::getBeanDefinition (78 bytes)
Event: 6.573 Thread 0x0000000019067000 nmethod 2100 0x0000000005d02f90 code [0x0000000005d03200, 0x0000000005d041b8]
Event: 6.579 Thread 0x0000000019067000 2101       1       org.springframework.beans.BeanMetadataAttribute::getValue (5 bytes)
Event: 6.579 Thread 0x0000000019067000 nmethod 2101 0x0000000005d02cd0 code [0x0000000005d02e20, 0x0000000005d02f30]
Event: 6.579 Thread 0x0000000019067000 2102       3       org.springframework.beans.BeanMetadataAttributeAccessor::getAttribute (22 bytes)
Event: 6.580 Thread 0x0000000019067000 nmethod 2102 0x0000000005d02390 code [0x0000000005d02540, 0x0000000005d02a98]
Event: 6.580 Thread 0x000000001905a000 2103   !   4       java.lang.ClassLoader::loadClass (122 bytes)

GC Heap History (10 events):
Event: 3.097 GC heap before
{Heap before GC invocations=3 (full 0):
 PSYoungGen      total 17408K, used 17400K [0x00000000ecd80000, 0x00000000eef80000, 0x0000000100000000)
  eden space 15360K, 100% used [0x00000000ecd80000,0x00000000edc80000,0x00000000edc80000)
  from space 2048K, 99% used [0x00000000ede80000,0x00000000ee07e010,0x00000000ee080000)
  to   space 2048K, 0% used [0x00000000edc80000,0x00000000edc80000,0x00000000ede80000)
 ParOldGen       total 39936K, used 1942K [0x00000000c6800000, 0x00000000c8f00000, 0x00000000ecd80000)
  object space 39936K, 4% used [0x00000000c6800000,0x00000000c69e5b90,0x00000000c8f00000)
 Metaspace       used 10633K, capacity 11018K, committed 11136K, reserved 1058816K
  class space    used 1265K, capacity 1357K, committed 1408K, reserved 1048576K
Event: 3.134 GC heap after
Heap after GC invocations=3 (full 0):
 PSYoungGen      total 17408K, used 2041K [0x00000000ecd80000, 0x00000000eef80000, 0x0000000100000000)
  eden space 15360K, 0% used [0x00000000ecd80000,0x00000000ecd80000,0x00000000edc80000)
  from space 2048K, 99% used [0x00000000edc80000,0x00000000ede7e650,0x00000000ede80000)
  to   space 2048K, 0% used [0x00000000eed80000,0x00000000eed80000,0x00000000eef80000)
 ParOldGen       total 39936K, used 3284K [0x00000000c6800000, 0x00000000c8f00000, 0x00000000ecd80000)
  object space 39936K, 8% used [0x00000000c6800000,0x00000000c6b35230,0x00000000c8f00000)
 Metaspace       used 10633K, capacity 11018K, committed 11136K, reserved 1058816K
  class space    used 1265K, capacity 1357K, committed 1408K, reserved 1048576K
}
Event: 3.588 GC heap before
{Heap before GC invocations=4 (full 0):
 PSYoungGen      total 17408K, used 17401K [0x00000000ecd80000, 0x00000000eef80000, 0x0000000100000000)
  eden space 15360K, 100% used [0x00000000ecd80000,0x00000000edc80000,0x00000000edc80000)
  from space 2048K, 99% used [0x00000000edc80000,0x00000000ede7e650,0x00000000ede80000)
  to   space 2048K, 0% used [0x00000000eed80000,0x00000000eed80000,0x00000000eef80000)
 ParOldGen       total 39936K, used 3284K [0x00000000c6800000, 0x00000000c8f00000, 0x00000000ecd80000)
  object space 39936K, 8% used [0x00000000c6800000,0x00000000c6b35230,0x00000000c8f00000)
 Metaspace       used 12132K, capacity 12630K, committed 12928K, reserved 1060864K
  class space    used 1491K, capacity 1627K, committed 1664K, reserved 1048576K
Event: 3.595 GC heap after
Heap after GC invocations=4 (full 0):
 PSYoungGen      total 32768K, used 2040K [0x00000000ecd80000, 0x00000000eef80000, 0x0000000100000000)
  eden space 30720K, 0% used [0x00000000ecd80000,0x00000000ecd80000,0x00000000eeb80000)
  from space 2048K, 99% used [0x00000000eed80000,0x00000000eef7e030,0x00000000eef80000)
  to   space 2048K, 0% used [0x00000000eeb80000,0x00000000eeb80000,0x00000000eed80000)
 ParOldGen       total 39936K, used 4853K [0x00000000c6800000, 0x00000000c8f00000, 0x00000000ecd80000)
  object space 39936K, 12% used [0x00000000c6800000,0x00000000c6cbd600,0x00000000c8f00000)
 Metaspace       used 12132K, capacity 12630K, committed 12928K, reserved 1060864K
  class space    used 1491K, capacity 1627K, committed 1664K, reserved 1048576K
}
Event: 4.571 GC heap before
{Heap before GC invocations=5 (full 0):
 PSYoungGen      total 32768K, used 32688K [0x00000000ecd80000, 0x00000000eef80000, 0x0000000100000000)
  eden space 30720K, 99% used [0x00000000ecd80000,0x00000000eeb6e358,0x00000000eeb80000)
  from space 2048K, 99% used [0x00000000eed80000,0x00000000eef7e030,0x00000000eef80000)
  to   space 2048K, 0% used [0x00000000eeb80000,0x00000000eeb80000,0x00000000eed80000)
 ParOldGen       total 39936K, used 4853K [0x00000000c6800000, 0x00000000c8f00000, 0x00000000ecd80000)
  object space 39936K, 12% used [0x00000000c6800000,0x00000000c6cbd600,0x00000000c8f00000)
 Metaspace       used 14670K, capacity 15276K, committed 15360K, reserved 1062912K
  class space    used 1835K, capacity 1974K, committed 2048K, reserved 1048576K
Event: 4.584 GC heap after
Heap after GC invocations=5 (full 0):
 PSYoungGen      total 32768K, used 2040K [0x00000000ecd80000, 0x00000000eef80000, 0x0000000100000000)
  eden space 30720K, 0% used [0x00000000ecd80000,0x00000000ecd80000,0x00000000eeb80000)
  from space 2048K, 99% used [0x00000000eeb80000,0x00000000eed7e010,0x00000000eed80000)
  to   space 2048K, 0% used [0x00000000eed80000,0x00000000eed80000,0x00000000eef80000)
 ParOldGen       total 39936K, used 7512K [0x00000000c6800000, 0x00000000c8f00000, 0x00000000ecd80000)
  object space 39936K, 18% used [0x00000000c6800000,0x00000000c6f56178,0x00000000c8f00000)
 Metaspace       used 14670K, capacity 15276K, committed 15360K, reserved 1062912K
  class space    used 1835K, capacity 1974K, committed 2048K, reserved 1048576K
}
Event: 4.644 GC heap before
{Heap before GC invocations=6 (full 0):
 PSYoungGen      total 32768K, used 32760K [0x00000000ecd80000, 0x00000000eef80000, 0x0000000100000000)
  eden space 30720K, 100% used [0x00000000ecd80000,0x00000000eeb80000,0x00000000eeb80000)
  from space 2048K, 99% used [0x00000000eeb80000,0x00000000eed7e010,0x00000000eed80000)
  to   space 2048K, 0% used [0x00000000eed80000,0x00000000eed80000,0x00000000eef80000)
 ParOldGen       total 39936K, used 7512K [0x00000000c6800000, 0x00000000c8f00000, 0x00000000ecd80000)
  object space 39936K, 18% used [0x00000000c6800000,0x00000000c6f56178,0x00000000c8f00000)
 Metaspace       used 15083K, capacity 15692K, committed 15872K, reserved 1062912K
  class space    used 1851K, capacity 2006K, committed 2048K, reserved 1048576K
Event: 4.672 GC heap after
Heap after GC invocations=6 (full 0):
 PSYoungGen      total 32768K, used 2025K [0x00000000ecd80000, 0x00000000eef80000, 0x0000000100000000)
  eden space 30720K, 0% used [0x00000000ecd80000,0x00000000ecd80000,0x00000000eeb80000)
  from space 2048K, 98% used [0x00000000eed80000,0x00000000eef7a660,0x00000000eef80000)
  to   space 2048K, 0% used [0x00000000eeb80000,0x00000000eeb80000,0x00000000eed80000)
 ParOldGen       total 39936K, used 7917K [0x00000000c6800000, 0x00000000c8f00000, 0x00000000ecd80000)
  object space 39936K, 19% used [0x00000000c6800000,0x00000000c6fbb5b0,0x00000000c8f00000)
 Metaspace       used 15083K, capacity 15692K, committed 15872K, reserved 1062912K
  class space    used 1851K, capacity 2006K, committed 2048K, reserved 1048576K
}
Event: 5.839 GC heap before
{Heap before GC invocations=7 (full 0):
 PSYoungGen      total 32768K, used 32745K [0x00000000ecd80000, 0x00000000eef80000, 0x0000000100000000)
  eden space 30720K, 100% used [0x00000000ecd80000,0x00000000eeb80000,0x00000000eeb80000)
  from space 2048K, 98% used [0x00000000eed80000,0x00000000eef7a660,0x00000000eef80000)
  to   space 2048K, 0% used [0x00000000eeb80000,0x00000000eeb80000,0x00000000eed80000)
 ParOldGen       total 39936K, used 7917K [0x00000000c6800000, 0x00000000c8f00000, 0x00000000ecd80000)
  object space 39936K, 19% used [0x00000000c6800000,0x00000000c6fbb5b0,0x00000000c8f00000)
 Metaspace       used 17097K, capacity 17920K, committed 18176K, reserved 1064960K
  class space    used 2105K, capacity 2278K, committed 2304K, reserved 1048576K
Event: 5.848 GC heap after
Heap after GC invocations=7 (full 0):
 PSYoungGen      total 32768K, used 2032K [0x00000000ecd80000, 0x00000000eef80000, 0x0000000100000000)
  eden space 30720K, 0% used [0x00000000ecd80000,0x00000000ecd80000,0x00000000eeb80000)
  from space 2048K, 99% used [0x00000000eeb80000,0x00000000eed7c010,0x00000000eed80000)
  to   space 2048K, 0% used [0x00000000eed80000,0x00000000eed80000,0x00000000eef80000)
 ParOldGen       total 39936K, used 10702K [0x00000000c6800000, 0x00000000c8f00000, 0x00000000ecd80000)
  object space 39936K, 26% used [0x00000000c6800000,0x00000000c7273aa0,0x00000000c8f00000)
 Metaspace       used 17097K, capacity 17920K, committed 18176K, reserved 1064960K
  class space    used 2105K, capacity 2278K, committed 2304K, reserved 1048576K
}

Deoptimization events (10 events):
Event: 3.767 Thread 0x0000000005576000 Uncommon trap: reason=unstable_if action=reinterpret pc=0x0000000005a484a4 method=java.util.HashMap.putVal(ILjava/lang/Object;Ljava/lang/Object;ZZ)Ljava/lang/Object; @ 193
Event: 3.771 Thread 0x0000000005576000 Uncommon trap: reason=unstable_if action=reinterpret pc=0x0000000005a44f2c method=java.util.HashMap.putVal(ILjava/lang/Object;Ljava/lang/Object;ZZ)Ljava/lang/Object; @ 193
Event: 3.777 Thread 0x0000000005576000 Uncommon trap: reason=class_check action=maybe_recompile pc=0x0000000005871e20 method=java.lang.String.equals(Ljava/lang/Object;)Z @ 8
Event: 3.789 Thread 0x0000000005576000 Uncommon trap: reason=class_check action=maybe_recompile pc=0x0000000005871e20 method=java.lang.String.equals(Ljava/lang/Object;)Z @ 8
Event: 3.789 Thread 0x0000000005576000 Uncommon trap: reason=class_check action=maybe_recompile pc=0x0000000005871e20 method=java.lang.String.equals(Ljava/lang/Object;)Z @ 8
Event: 3.789 Thread 0x0000000005576000 Uncommon trap: reason=class_check action=maybe_recompile pc=0x0000000005871e20 method=java.lang.String.equals(Ljava/lang/Object;)Z @ 8
Event: 4.270 Thread 0x0000000005576000 Uncommon trap: reason=unstable_if action=reinterpret pc=0x000000000597b1f0 method=java.io.WinNTFileSystem.normalize(Ljava/lang/String;)Ljava/lang/String; @ 128
Event: 6.121 Thread 0x0000000005576000 Uncommon trap: reason=unstable_if action=reinterpret pc=0x0000000005aba94c method=org.springframework.util.ConcurrentReferenceHashMap$Segment.restructureIfNecessary(Z)V @ 41
Event: 6.548 Thread 0x0000000005576000 Uncommon trap: reason=unstable_if action=reinterpret pc=0x0000000005c7bfbc method=org.springframework.util.ConcurrentReferenceHashMap$Segment.findInChain(Lorg/springframework/util/ConcurrentReferenceHashMap$Reference;Ljava/lang/Object;I)Lorg/springframewo
Event: 6.548 Thread 0x0000000005576000 Uncommon trap: reason=unstable_if action=reinterpret pc=0x0000000005c51c78 method=org.springframework.util.ConcurrentReferenceHashMap$Segment.findInChain(Lorg/springframework/util/ConcurrentReferenceHashMap$Reference;Ljava/lang/Object;I)Lorg/springframewo

Classes redefined (0 events):
No events

Internal exceptions (10 events):
Event: 4.624 Thread 0x000000001a299800 Exception <a 'java/lang/NoClassDefFoundError': org/springframework/web/method/support/HandlerMethodArgumentResolver> (0x00000000eeaacbe0) thrown at [C:\re\workspace\8-2-build-windows-amd64-cygwin\jdk8u211\12973\hotspot\src\share\vm\classfile\systemDiction
Event: 4.624 Thread 0x000000001a299800 Exception <a 'java/lang/NoClassDefFoundError'> (0x00000000eeaacbe0) thrown at [C:\re\workspace\8-2-build-windows-amd64-cygwin\jdk8u211\12973\hotspot\src\share\vm\prims\jvm.cpp, line 1506]
Event: 4.624 Thread 0x000000001a299800 Exception <a 'java/lang/NoClassDefFoundError'> (0x00000000eeaacbe0) thrown at [C:\re\workspace\8-2-build-windows-amd64-cygwin\jdk8u211\12973\hotspot\src\share\vm\prims\jvm.cpp, line 1506]
Event: 4.845 Thread 0x0000000005576000 Exception <a 'java/lang/IncompatibleClassChangeError': Found class java.lang.Object, but interface was expected> (0x00000000ed146438) thrown at [C:\re\workspace\8-2-build-windows-amd64-cygwin\jdk8u211\12973\hotspot\src\share\vm\interpreter\linkResolver.cp
Event: 4.977 Thread 0x0000000005576000 Exception <a 'java/lang/NoSuchMethodError': java.lang.Object.lambda$getAllAnnotationAttributes$0(Lorg/springframework/util/MultiValueMap;)Lorg/springframework/util/MultiValueMap;> (0x00000000ed3239d0) thrown at [C:\re\workspace\8-2-build-windows-amd64-cyg
Event: 4.979 Thread 0x0000000005576000 Exception <a 'java/lang/NoSuchMethodError': java.lang.Object.lambda$identity$2(Ljava/lang/Object;)Ljava/lang/Object;> (0x00000000ed33ca60) thrown at [C:\re\workspace\8-2-build-windows-amd64-cygwin\jdk8u211\12973\hotspot\src\share\vm\interpreter\linkResolv
Event: 5.144 Thread 0x0000000005576000 Exception <a 'java/io/FileNotFoundException'> (0x00000000ed6286d0) thrown at [C:\re\workspace\8-2-build-windows-amd64-cygwin\jdk8u211\12973\hotspot\src\share\vm\prims\jni.cpp, line 710]
Event: 5.674 Thread 0x0000000005576000 Exception <a 'java/lang/NoSuchMethodError': java.lang.Object.lambda$getRequiredAttribute$0(Ljava/lang/String;)Ljava/lang/IllegalArgumentException;> (0x00000000ee6c6e68) thrown at [C:\re\workspace\8-2-build-windows-amd64-cygwin\jdk8u211\12973\hotspot\src\s
Event: 5.719 Thread 0x0000000005576000 Exception <a 'java/lang/NoSuchMethodError': java.lang.Object.lambda$of$0([Ljava/lang/Object;)Ljava/util/Iterator;> (0x00000000ee7c1b88) thrown at [C:\re\workspace\8-2-build-windows-amd64-cygwin\jdk8u211\12973\hotspot\src\share\vm\interpreter\linkResolver.
Event: 6.146 Thread 0x0000000005576000 Exception <a 'java/lang/NoSuchMethodError': java.lang.Object.lambda$andThen$1(Ljava/util/function/Function;Ljava/lang/Object;)Ljava/lang/Object;> (0x00000000ed7c8068) thrown at [C:\re\workspace\8-2-build-windows-amd64-cygwin\jdk8u211\12973\hotspot\src\sha

Events (10 events):
Event: 6.584 loading class org/springframework/cglib/core/GeneratorStrategy
Event: 6.584 loading class org/springframework/cglib/core/GeneratorStrategy done
Event: 6.585 loading class org/springframework/cglib/proxy/CallbackFilter
Event: 6.585 loading class org/springframework/cglib/proxy/CallbackFilter done
Event: 6.588 loading class org/springframework/cglib/proxy/Callback
Event: 6.588 loading class org/springframework/cglib/proxy/Callback done
Event: 6.589 loading class org/springframework/context/annotation/ConfigurationClassEnhancer$BeanMethodInterceptor
Event: 6.589 loading class org/springframework/context/annotation/ConfigurationClassEnhancer$BeanMethodInterceptor done
Event: 6.590 loading class org/springframework/cglib/proxy/MethodInterceptor
Event: 6.590 loading class org/springframework/cglib/proxy/MethodInterceptor done


Dynamic libraries:
0x00007ff6256a0000 - 0x00007ff6256d7000 	E:\Java\jdk1.8.0_211\bin\java.exe
0x00007ffbee150000 - 0x00007ffbee330000 	C:\Windows\SYSTEM32\ntdll.dll
0x00007ffbeb8d0000 - 0x00007ffbeb97e000 	C:\Windows\System32\KERNEL32.DLL
0x00007ffbeb030000 - 0x00007ffbeb296000 	C:\Windows\System32\KERNELBASE.dll
0x00007ffbeb6b0000 - 0x00007ffbeb751000 	C:\Windows\System32\ADVAPI32.dll
0x00007ffbee080000 - 0x00007ffbee11d000 	C:\Windows\System32\msvcrt.dll
0x00007ffbed560000 - 0x00007ffbed5bb000 	C:\Windows\System32\sechost.dll
0x00007ffbed950000 - 0x00007ffbeda6f000 	C:\Windows\System32\RPCRT4.dll
0x00007ffbed2b0000 - 0x00007ffbed43e000 	C:\Windows\System32\USER32.dll
0x00007ffbea7c0000 - 0x00007ffbea7e0000 	C:\Windows\System32\win32u.dll
0x00007ffbeb980000 - 0x00007ffbeb9a8000 	C:\Windows\System32\GDI32.dll
0x00007ffbeb2a0000 - 0x00007ffbeb431000 	C:\Windows\System32\gdi32full.dll
0x00007ffbea720000 - 0x00007ffbea7bb000 	C:\Windows\System32\msvcp_win.dll
0x00007ffbeaf30000 - 0x00007ffbeb026000 	C:\Windows\System32\ucrtbase.dll
0x00007ffbdf340000 - 0x00007ffbdf5a9000 	C:\Windows\WinSxS\amd64_microsoft.windows.common-controls_6595b64144ccf1df_6.0.16299.15_none_cc92fb402215d91d\COMCTL32.dll
0x00007ffbed640000 - 0x00007ffbed948000 	C:\Windows\System32\combase.dll
0x00007ffbeb540000 - 0x00007ffbeb5b2000 	C:\Windows\System32\bcryptPrimitives.dll
0x00007ffbebb80000 - 0x00007ffbebbad000 	C:\Windows\System32\IMM32.DLL
0x0000000071ee0000 - 0x0000000071fb2000 	E:\Java\jdk1.8.0_211\jre\bin\msvcr100.dll
0x0000000070090000 - 0x0000000070935000 	E:\Java\jdk1.8.0_211\jre\bin\server\jvm.dll
0x00007ffbed620000 - 0x00007ffbed628000 	C:\Windows\System32\PSAPI.DLL
0x00007ffbe0780000 - 0x00007ffbe0789000 	C:\Windows\SYSTEM32\WSOCK32.dll
0x00007ffbe7550000 - 0x00007ffbe7573000 	C:\Windows\SYSTEM32\WINMM.dll
0x00007ffbdf180000 - 0x00007ffbdf18a000 	C:\Windows\SYSTEM32\VERSION.dll
0x00007ffbed4f0000 - 0x00007ffbed55c000 	C:\Windows\System32\WS2_32.dll
0x00007ffbe7520000 - 0x00007ffbe754a000 	C:\Windows\SYSTEM32\winmmbase.dll
0x00007ffbeb4f0000 - 0x00007ffbeb53a000 	C:\Windows\System32\cfgmgr32.dll
0x00007ffbe5900000 - 0x00007ffbe590f000 	E:\Java\jdk1.8.0_211\jre\bin\verify.dll
0x00007ffbcc050000 - 0x00007ffbcc079000 	E:\Java\jdk1.8.0_211\jre\bin\java.dll
0x00007ffbc6300000 - 0x00007ffbc6323000 	E:\Java\jdk1.8.0_211\jre\bin\instrument.dll
0x00007ffbcafd0000 - 0x00007ffbcafe6000 	E:\Java\jdk1.8.0_211\jre\bin\zip.dll
0x00007ffbebe70000 - 0x00007ffbed2a7000 	C:\Windows\System32\SHELL32.dll
0x00007ffbed440000 - 0x00007ffbed4e6000 	C:\Windows\System32\shcore.dll
0x00007ffbea7e0000 - 0x00007ffbeaf27000 	C:\Windows\System32\windows.storage.dll
0x00007ffbed5c0000 - 0x00007ffbed611000 	C:\Windows\System32\shlwapi.dll
0x00007ffbea530000 - 0x00007ffbea541000 	C:\Windows\System32\kernel.appcore.dll
0x00007ffbea4c0000 - 0x00007ffbea50c000 	C:\Windows\System32\powrprof.dll
0x00007ffbea510000 - 0x00007ffbea52b000 	C:\Windows\System32\profapi.dll
0x00007ffbca460000 - 0x00007ffbca47a000 	E:\JetBrains\IntelliJ IDEA Community Edition 2019.1.2\bin\breakgen64.dll
0x00007ffbca400000 - 0x00007ffbca41a000 	E:\Java\jdk1.8.0_211\jre\bin\net.dll
0x00007ffbe2500000 - 0x00007ffbe26cc000 	C:\Windows\SYSTEM32\urlmon.dll
0x00007ffbedec0000 - 0x00007ffbededd000 	C:\Windows\System32\imagehlp.dll
0x00007ffbe2260000 - 0x00007ffbe24f9000 	C:\Windows\SYSTEM32\iertutil.dll
0x00007ffbe9f10000 - 0x00007ffbe9f1b000 	C:\Windows\SYSTEM32\CRYPTBASE.DLL
0x00007ffbe9d30000 - 0x00007ffbe9d96000 	C:\Windows\system32\mswsock.dll
0x00007ffbd7e90000 - 0x00007ffbd7e9d000 	E:\Java\jdk1.8.0_211\jre\bin\management.dll
0x00007ffbd7d70000 - 0x00007ffbd7d86000 	C:\Windows\system32\napinsp.dll
0x00007ffbd7d50000 - 0x00007ffbd7d6a000 	C:\Windows\system32\pnrpnsp.dll
0x00007ffbe7330000 - 0x00007ffbe7348000 	C:\Windows\system32\NLAapi.dll
0x00007ffbe9b00000 - 0x00007ffbe9bb6000 	C:\Windows\SYSTEM32\DNSAPI.dll
0x00007ffbed630000 - 0x00007ffbed638000 	C:\Windows\System32\NSI.dll
0x00007ffbe9ac0000 - 0x00007ffbe9af9000 	C:\Windows\SYSTEM32\IPHLPAPI.DLL
0x00007ffbd7d40000 - 0x00007ffbd7d4e000 	C:\Windows\System32\winrnr.dll
0x00007ffbd7d20000 - 0x00007ffbd7d35000 	C:\Windows\System32\wshbth.dll
0x00007ffbe4810000 - 0x00007ffbe481a000 	C:\Windows\System32\rasadhlp.dll
0x00007ffbe4910000 - 0x00007ffbe4980000 	C:\Windows\System32\fwpuclnt.dll
0x00007ffbea000000 - 0x00007ffbea025000 	C:\Windows\SYSTEM32\bcrypt.dll
0x00007ffbc6120000 - 0x00007ffbc6132000 	E:\Java\jdk1.8.0_211\jre\bin\nio.dll

VM Arguments:
jvm_args: -javaagent:E:\JetBrains\IntelliJ IDEA Community Edition 2019.1.2\lib\idea_rt.jar=57891:E:\JetBrains\IntelliJ IDEA Community Edition 2019.1.2\bin -Dfile.encoding=UTF-8 
java_command: com.example.redisdemo.RedisdemoApplication
java_class_path (initial): E:\Java\jdk1.8.0_211\jre\lib\charsets.jar;E:\Java\jdk1.8.0_211\jre\lib\deploy.jar;E:\Java\jdk1.8.0_211\jre\lib\ext\access-bridge-64.jar;E:\Java\jdk1.8.0_211\jre\lib\ext\cldrdata.jar;E:\Java\jdk1.8.0_211\jre\lib\ext\dnsns.jar;E:\Java\jdk1.8.0_211\jre\lib\ext\jaccess.jar;E:\Java\jdk1.8.0_211\jre\lib\ext\jfxrt.jar;E:\Java\jdk1.8.0_211\jre\lib\ext\localedata.jar;E:\Java\jdk1.8.0_211\jre\lib\ext\nashorn.jar;E:\Java\jdk1.8.0_211\jre\lib\ext\sunec.jar;E:\Java\jdk1.8.0_211\jre\lib\ext\sunjce_provider.jar;E:\Java\jdk1.8.0_211\jre\lib\ext\sunmscapi.jar;E:\Java\jdk1.8.0_211\jre\lib\ext\sunpkcs11.jar;E:\Java\jdk1.8.0_211\jre\lib\ext\zipfs.jar;E:\Java\jdk1.8.0_211\jre\lib\javaws.jar;E:\Java\jdk1.8.0_211\jre\lib\jce.jar;E:\Java\jdk1.8.0_211\jre\lib\jfr.jar;E:\Java\jdk1.8.0_211\jre\lib\jfxswt.jar;E:\Java\jdk1.8.0_211\jre\lib\jsse.jar;E:\Java\jdk1.8.0_211\jre\lib\management-agent.jar;E:\Java\jdk1.8.0_211\jre\lib\plugin.jar;E:\Java\jdk1.8.0_211\jre\lib\resources.jar;E:\Java\jdk1.8.0_211\jre\lib\rt.jar;C:\Users\Administrator\IdeaProjects\redisdemo\target\classes;C:\Users\Administrator\.m2\repository\org\springframework\boot\spring-boot-starter-data-jpa\2.2.2.RELEASE\spring-boot-starter-data-jpa-2.2.2.RELEASE.jar;C:\Users\Administrator\.m2\repository\org\springframework\boot\spring-boot-starter-aop\2.2.2.RELEASE\spring-boot-starter-aop-2.2.2.RELEASE.jar;C:\Users\Administrator\.m2\repository\org\springframework\spring-aop\5.2.2.RELEASE\spring-aop-5.2.2.RELEASE.jar;C:\Users\Administrator\.m2\repository\org\aspectj\aspectjweaver\1.9.5\aspectjweaver-1.9.5.jar;C:\Users\Administrator\.m2\repository\org\springframework\boot\spring-boot-starter-jdbc\2.2.2.RELEASE\spring-boot-starter-jdbc-2.2.2.RELEASE.jar;C:\Users\Administrator\.m2\repository\com\zaxxer\HikariCP\3.4.1\HikariCP-3.4.1.jar;C:\Users\Administrator\.m2\repository\org\springframework\spring-jdbc\5.2.2.RELEASE\spring-jdbc-5.2.2.RELEASE.jar;C:\Users\Administrator\.m2\repository\jakarta\activation\jakarta.a
Launcher Type: SUN_STANDARD

Environment Variables:
PATH=C:\Program Files (x86)\Common Files\Oracle\Java\javapath;C:\Windows\system32;C:\Windows;C:\Windows\System32\Wbem;C:\Windows\System32\WindowsPowerShell\v1.0\;E:\Program Files\Git\cmd;E:\phpStudy\PHPTutorial\php\php-5.6.27-nts;E:\Java\jdk1.8.0_211\bin;E:\apache-maven\bin;C:\Users\Administrator\AppData\Local\Microsoft\WindowsApps;E:\nodejs;E:\phpStudy\PHPTutorial\php\php-5.6.27-nts;E:\Java\jdk1.8.0_211\bin;E:\apache-maven\bin;
USERNAME=Administrator
OS=Windows_NT
PROCESSOR_IDENTIFIER=Intel64 Family 6 Model 58 Stepping 9, GenuineIntel



---------------  S Y S T E M  ---------------

OS: Windows 10.0 , 64 bit Build 16299 (10.0.16299.15)

CPU:total 4 (initial active 4) (2 cores per cpu, 2 threads per core) family 6 model 58 stepping 9, cmov, cx8, fxsr, mmx, sse, sse2, sse3, ssse3, sse4.1, sse4.2, popcnt, avx, aes, clmul, erms, ht, tsc, tscinvbit, tscinv

Memory: 4k page, physical 3760844k(237412k free), swap 9785456k(4260k free)

vm_info: Java HotSpot(TM) 64-Bit Server VM (25.211-b12) for windows-amd64 JRE (1.8.0_211-b12), built on Apr  1 2019 20:53:26 by "java_re" with MS VC++ 10.0 (VS2010)

time: Mon Dec 23 10:12:51 2019
timezone: 中国标准时间
elapsed time: 6 seconds (0d 0h 0m 6s)

